<?xml version="1.0" encoding="UTF-8"?>
<!-- Generated by org.testng.reporters.JUnitXMLReporter -->
<testsuite ignored="2" hostname="WKWZTVA1ZxBmS88" failures="0" tests="0" time="0.012" errors="0" timestamp="2024-12-07T20:34:27 IST">
  <testcase classname="automationproject.Tests.ErrorValidationsTest" name="ProductErrorValidation" time="0.0">
    <ignored/>
  </testcase> <!-- ProductErrorValidation -->
  <testcase classname="automationproject.Tests.ErrorValidationsTest" name="LoginErrorValidation" time="0.0">
    <ignored/>
  </testcase> <!-- LoginErrorValidation -->
</testsuite>
