<?xml version="1.0" encoding="UTF-8"?>
<!-- Generated by org.testng.reporters.JUnitXMLReporter -->
<testsuite ignored="1" hostname="WKWZTVA1ZxBmS88" failures="0" tests="2" name="Submit Order Test" time="41.946" errors="0" timestamp="2024-12-07T20:35:09 IST">
  <testcase classname="automationproject.Tests.SubmitOrderTest" name="submitOrder" time="15.207"/>
  <testcase classname="automationproject.Tests.SubmitOrderTest" name="submitOrder" time="15.02"/>
  <testcase classname="automationproject.Tests.SubmitOrderTest" name="OrderHistoryTest" time="0.0">
    <ignored/>
  </testcase> <!-- OrderHistoryTest -->
</testsuite> <!-- Submit Order Test -->
