<?xml version="1.0" encoding="UTF-8"?>
<!-- Generated by org.testng.reporters.JUnitXMLReporter -->
<testsuite ignored="0" hostname="WKWZTVA1ZxBmS88" failures="0" tests="3" name="Submit Order Test" time="54.761" errors="0" timestamp="2024-11-21T23:50:44 IST">
  <testcase classname="automationproject.Tests.SubmitOrderTest" name="submitOrder" time="16.151"/>
  <testcase classname="automationproject.Tests.SubmitOrderTest" name="submitOrder" time="15.43"/>
  <testcase classname="automationproject.Tests.SubmitOrderTest" name="OrderHistoryTest" time="1.236"/>
</testsuite> <!-- Submit Order Test -->
