<?xml version="1.0" encoding="UTF-8"?>
<testng-results ignored="3" total="5" passed="2" failed="0" skipped="0">
  <reporter-output>
  </reporter-output>
  <suite started-at="2024-12-07T20:34:27 IST" name="Suite" finished-at="2024-12-07T20:35:09 IST" duration-ms="41946">
    <groups>
      <group name="Purchase">
        <method signature="SubmitOrderTest.submitOrder(java.util.HashMap)[pri:0, instance:automationproject.Tests.SubmitOrderTest@4a94ee4]" name="submitOrder" class="automationproject.Tests.SubmitOrderTest"/>
      </group> <!-- Purchase -->
    </groups>
    <test started-at="2024-12-07T20:34:27 IST" name="Error Validations Test" finished-at="2024-12-07T20:34:27 IST" duration-ms="12">
    </test> <!-- Error Validations Test -->
    <test started-at="2024-12-07T20:34:27 IST" name="Submit Order Test" finished-at="2024-12-07T20:35:09 IST" duration-ms="41946">
      <class name="automationproject.Tests.SubmitOrderTest">
        <test-method is-config="true" signature="launchApp()[pri:0, instance:automationproject.Tests.SubmitOrderTest@4a94ee4]" started-at="2024-12-07T20:34:27 IST" name="launchApp" finished-at="2024-12-07T20:34:33 IST" duration-ms="6028" status="PASS">
          <reporter-output>
          </reporter-output>
        </test-method> <!-- launchApp -->
        <test-method signature="submitOrder(java.util.HashMap)[pri:0, instance:automationproject.Tests.SubmitOrderTest@4a94ee4]" started-at="2024-12-07T20:34:33 IST" name="submitOrder" data-provider="getData" finished-at="2024-12-07T20:34:48 IST" duration-ms="15207" status="PASS">
          <params>
            <param index="0">
              <value>
                <![CDATA[{email=abcxyz@def.com, pass=Abc@1234, item1=ZARA COAT 3}]]>
              </value>
            </param>
          </params>
          <reporter-output>
          </reporter-output>
        </test-method> <!-- submitOrder -->
        <test-method is-config="true" signature="Teardown()[pri:0, instance:automationproject.Tests.SubmitOrderTest@4a94ee4]" started-at="2024-12-07T20:34:48 IST" name="Teardown" finished-at="2024-12-07T20:34:49 IST" duration-ms="249" status="PASS">
          <reporter-output>
          </reporter-output>
        </test-method> <!-- Teardown -->
        <test-method is-config="true" signature="launchApp()[pri:0, instance:automationproject.Tests.SubmitOrderTest@4a94ee4]" started-at="2024-12-07T20:34:49 IST" name="launchApp" finished-at="2024-12-07T20:34:53 IST" duration-ms="4765" status="PASS">
          <reporter-output>
          </reporter-output>
        </test-method> <!-- launchApp -->
        <test-method signature="submitOrder(java.util.HashMap)[pri:0, instance:automationproject.Tests.SubmitOrderTest@4a94ee4]" started-at="2024-12-07T20:34:53 IST" name="submitOrder" data-provider="getData" finished-at="2024-12-07T20:35:08 IST" duration-ms="15020" status="PASS">
          <params>
            <param index="0">
              <value>
                <![CDATA[{email=abcdxyz@def.com, pass=Abc@1234, item1=ADIDAS ORIGINAL}]]>
              </value>
            </param>
          </params>
          <reporter-output>
          </reporter-output>
        </test-method> <!-- submitOrder -->
        <test-method is-config="true" signature="Teardown()[pri:0, instance:automationproject.Tests.SubmitOrderTest@4a94ee4]" started-at="2024-12-07T20:35:08 IST" name="Teardown" finished-at="2024-12-07T20:35:09 IST" duration-ms="265" status="PASS">
          <reporter-output>
          </reporter-output>
        </test-method> <!-- Teardown -->
      </class> <!-- automationproject.Tests.SubmitOrderTest -->
    </test> <!-- Submit Order Test -->
  </suite> <!-- Suite -->
</testng-results>
